<?xml version="1.0" encoding="UTF-8"?>
<!-- Generated by org.testng.reporters.JUnitXMLReporter -->
<testsuite hostname="DESKTOP-Q71IO9G" ignored="0" name="Command line test" tests="6" failures="0" timestamp="10 Dec 2018 13:33:56 GMT" time="0.069" errors="0">
  <testcase name="IOSApps" time="0.016" classname="qaclickacademy.AppiumTest"/>
  <testcase name="NativeAppAndroid" time="0.016" classname="qaclickacademy.AppiumTest"/>
  <testcase name="deleteTwitter" time="0.0" classname="qaclickacademy.RESTAPITest"/>
  <testcase name="postJira" time="0.0" classname="qaclickacademy.RESTAPITest"/>
  <testcase name="BrowserAutomation" time="0.0" classname="qaclickacademy.SeleniumTest"/>
  <testcase name="elementsUi" time="0.0" classname="qaclickacademy.SeleniumTest"/>
</testsuite> <!-- Command line test -->
