<?xml version="1.0" encoding="UTF-8"?>
<testng-results skipped="0" failed="0" ignored="0" total="6" passed="6">
  <reporter-output>
  </reporter-output>
  <suite name="Command line suite" duration-ms="69" started-at="2018-12-10T13:33:56Z" finished-at="2018-12-10T13:33:56Z">
    <groups>
    </groups>
    <test name="Command line test" duration-ms="69" started-at="2018-12-10T13:33:56Z" finished-at="2018-12-10T13:33:56Z">
      <class name="qaclickacademy.AppiumTest">
        <test-method status="PASS" signature="IOSApps()[pri:0, instance:qaclickacademy.AppiumTest@2d3fcdbd]" name="IOSApps" duration-ms="16" started-at="2018-12-10T13:33:56Z" finished-at="2018-12-10T13:33:56Z">
          <reporter-output>
          </reporter-output>
        </test-method> <!-- IOSApps -->
        <test-method status="PASS" signature="NativeAppAndroid()[pri:0, instance:qaclickacademy.AppiumTest@2d3fcdbd]" name="NativeAppAndroid" duration-ms="16" started-at="2018-12-10T13:33:56Z" finished-at="2018-12-10T13:33:56Z">
          <reporter-output>
          </reporter-output>
        </test-method> <!-- NativeAppAndroid -->
      </class> <!-- qaclickacademy.AppiumTest -->
      <class name="qaclickacademy.RESTAPITest">
        <test-method status="PASS" signature="postJira()[pri:0, instance:qaclickacademy.RESTAPITest@617c74e5]" name="postJira" duration-ms="0" started-at="2018-12-10T13:33:56Z" finished-at="2018-12-10T13:33:56Z">
          <reporter-output>
          </reporter-output>
        </test-method> <!-- postJira -->
        <test-method status="PASS" signature="deleteTwitter()[pri:0, instance:qaclickacademy.RESTAPITest@617c74e5]" name="deleteTwitter" duration-ms="0" started-at="2018-12-10T13:33:56Z" finished-at="2018-12-10T13:33:56Z">
          <reporter-output>
          </reporter-output>
        </test-method> <!-- deleteTwitter -->
      </class> <!-- qaclickacademy.RESTAPITest -->
      <class name="qaclickacademy.SeleniumTest">
        <test-method status="PASS" signature="BrowserAutomation()[pri:0, instance:qaclickacademy.SeleniumTest@6537cf78]" name="BrowserAutomation" duration-ms="0" started-at="2018-12-10T13:33:56Z" finished-at="2018-12-10T13:33:56Z">
          <reporter-output>
          </reporter-output>
        </test-method> <!-- BrowserAutomation -->
        <test-method status="PASS" signature="elementsUi()[pri:0, instance:qaclickacademy.SeleniumTest@6537cf78]" name="elementsUi" duration-ms="0" started-at="2018-12-10T13:33:56Z" finished-at="2018-12-10T13:33:56Z">
          <reporter-output>
          </reporter-output>
        </test-method> <!-- elementsUi -->
      </class> <!-- qaclickacademy.SeleniumTest -->
    </test> <!-- Command line test -->
  </suite> <!-- Command line suite -->
</testng-results>
