<?xml version="1.0" encoding="UTF-8"?>
<testng-results skipped="0" failed="0" ignored="0" total="6" passed="6">
  <reporter-output>
  </reporter-output>
  <suite name="Suite" duration-ms="96" started-at="2018-10-20T17:42:00Z" finished-at="2018-10-20T17:42:00Z">
    <groups>
    </groups>
    <test name="Test" duration-ms="96" started-at="2018-10-20T17:42:00Z" finished-at="2018-10-20T17:42:00Z">
      <class name="qaclickacademy.AppiumTest">
        <test-method status="PASS" signature="IOSApps()[pri:0, instance:qaclickacademy.AppiumTest@100fc185]" name="IOSApps" duration-ms="7" started-at="2018-10-20T17:42:00Z" finished-at="2018-10-20T17:42:00Z">
          <reporter-output>
          </reporter-output>
        </test-method> <!-- IOSApps -->
        <test-method status="PASS" signature="NativeAppAndroid()[pri:0, instance:qaclickacademy.AppiumTest@100fc185]" name="NativeAppAndroid" duration-ms="2" started-at="2018-10-20T17:42:00Z" finished-at="2018-10-20T17:42:00Z">
          <reporter-output>
          </reporter-output>
        </test-method> <!-- NativeAppAndroid -->
      </class> <!-- qaclickacademy.AppiumTest -->
      <class name="qaclickacademy.RESTAPITest">
        <test-method status="PASS" signature="deleteTwitter()[pri:0, instance:qaclickacademy.RESTAPITest@3a82f6ef]" name="deleteTwitter" duration-ms="2" started-at="2018-10-20T17:42:00Z" finished-at="2018-10-20T17:42:00Z">
          <reporter-output>
          </reporter-output>
        </test-method> <!-- deleteTwitter -->
        <test-method status="PASS" signature="postJira()[pri:0, instance:qaclickacademy.RESTAPITest@3a82f6ef]" name="postJira" duration-ms="2" started-at="2018-10-20T17:42:00Z" finished-at="2018-10-20T17:42:00Z">
          <reporter-output>
          </reporter-output>
        </test-method> <!-- postJira -->
      </class> <!-- qaclickacademy.RESTAPITest -->
      <class name="qaclickacademy.SeleniumTest">
        <test-method status="PASS" signature="BrowserAutomation()[pri:0, instance:qaclickacademy.SeleniumTest@5d5eef3d]" name="BrowserAutomation" duration-ms="15" started-at="2018-10-20T17:42:00Z" finished-at="2018-10-20T17:42:00Z">
          <reporter-output>
          </reporter-output>
        </test-method> <!-- BrowserAutomation -->
        <test-method status="PASS" signature="elementsUi()[pri:0, instance:qaclickacademy.SeleniumTest@5d5eef3d]" name="elementsUi" duration-ms="2" started-at="2018-10-20T17:42:00Z" finished-at="2018-10-20T17:42:00Z">
          <reporter-output>
          </reporter-output>
        </test-method> <!-- elementsUi -->
      </class> <!-- qaclickacademy.SeleniumTest -->
    </test> <!-- Test -->
  </suite> <!-- Suite -->
</testng-results>
